<?xml version="1.0" encoding="UTF-8"?>
<testsuite name="TestSuite" time="0.68" tests="226" errors="0" skipped="0" failures="0">
  <properties>
    <property name="java.runtime.name" value="Java(TM) SE Runtime Environment"/>
    <property name="sun.boot.library.path" value="/Library/Java/JavaVirtualMachines/jdk1.8.0_111.jdk/Contents/Home/jre/lib"/>
    <property name="java.vm.version" value="25.111-b14"/>
    <property name="gopherProxySet" value="false"/>
    <property name="java.vm.vendor" value="Oracle Corporation"/>
    <property name="maven.multiModuleProjectDirectory" value="/Users/lexu/Documents/workspace/HengeExperiments"/>
    <property name="java.vendor.url" value="http://java.oracle.com/"/>
    <property name="path.separator" value=":"/>
    <property name="guice.disable.misplaced.annotation.check" value="true"/>
    <property name="java.vm.name" value="Java HotSpot(TM) 64-Bit Server VM"/>
    <property name="file.encoding.pkg" value="sun.io"/>
    <property name="user.country" value="US"/>
    <property name="sun.java.launcher" value="SUN_STANDARD"/>
    <property name="sun.os.patch.level" value="unknown"/>
    <property name="java.vm.specification.name" value="Java Virtual Machine Specification"/>
    <property name="user.dir" value="/Users/lexu/Documents/workspace/HengeExperiments"/>
    <property name="java.runtime.version" value="1.8.0_111-b14"/>
    <property name="java.awt.graphicsenv" value="sun.awt.CGraphicsEnvironment"/>
    <property name="java.endorsed.dirs" value="/Library/Java/JavaVirtualMachines/jdk1.8.0_111.jdk/Contents/Home/jre/lib/endorsed"/>
    <property name="os.arch" value="x86_64"/>
    <property name="java.io.tmpdir" value="/var/folders/3w/g9rz9tts1gd90yh28cx76w4w0000gn/T/"/>
    <property name="line.separator" value="&#10;"/>
    <property name="java.vm.specification.vendor" value="Oracle Corporation"/>
    <property name="os.name" value="Mac OS X"/>
    <property name="classworlds.conf" value="/usr/local/Cellar/maven/3.3.9/libexec/bin/m2.conf"/>
    <property name="sun.jnu.encoding" value="UTF-8"/>
    <property name="java.library.path" value="/Users/lexu/Library/Java/Extensions:/Library/Java/Extensions:/Network/Library/Java/Extensions:/System/Library/Java/Extensions:/usr/lib/java:."/>
    <property name="java.specification.name" value="Java Platform API Specification"/>
    <property name="java.class.version" value="52.0"/>
    <property name="sun.management.compiler" value="HotSpot 64-Bit Tiered Compilers"/>
    <property name="os.version" value="10.11.6"/>
    <property name="http.nonProxyHosts" value="local|*.local|169.254/16|*.169.254/16"/>
    <property name="user.home" value="/Users/lexu"/>
    <property name="user.timezone" value="America/Chicago"/>
    <property name="java.awt.printerjob" value="sun.lwawt.macosx.CPrinterJob"/>
    <property name="java.specification.version" value="1.8"/>
    <property name="file.encoding" value="UTF-8"/>
    <property name="user.name" value="lexu"/>
    <property name="java.class.path" value="/usr/local/Cellar/maven/3.3.9/libexec/boot/plexus-classworlds-2.5.2.jar"/>
    <property name="java.vm.specification.version" value="1.8"/>
    <property name="sun.arch.data.model" value="64"/>
    <property name="java.home" value="/Library/Java/JavaVirtualMachines/jdk1.8.0_111.jdk/Contents/Home/jre"/>
    <property name="sun.java.command" value="org.codehaus.plexus.classworlds.launcher.Launcher clean package"/>
    <property name="java.specification.vendor" value="Oracle Corporation"/>
    <property name="user.language" value="en"/>
    <property name="awt.toolkit" value="sun.lwawt.macosx.LWCToolkit"/>
    <property name="java.vm.info" value="mixed mode"/>
    <property name="java.version" value="1.8.0_111"/>
    <property name="java.ext.dirs" value="/Users/lexu/Library/Java/Extensions:/Library/Java/JavaVirtualMachines/jdk1.8.0_111.jdk/Contents/Home/jre/lib/ext:/Library/Java/Extensions:/Network/Library/Java/Extensions:/System/Library/Java/Extensions:/usr/lib/java"/>
    <property name="sun.boot.class.path" value="/Library/Java/JavaVirtualMachines/jdk1.8.0_111.jdk/Contents/Home/jre/lib/resources.jar:/Library/Java/JavaVirtualMachines/jdk1.8.0_111.jdk/Contents/Home/jre/lib/rt.jar:/Library/Java/JavaVirtualMachines/jdk1.8.0_111.jdk/Contents/Home/jre/lib/sunrsasign.jar:/Library/Java/JavaVirtualMachines/jdk1.8.0_111.jdk/Contents/Home/jre/lib/jsse.jar:/Library/Java/JavaVirtualMachines/jdk1.8.0_111.jdk/Contents/Home/jre/lib/jce.jar:/Library/Java/JavaVirtualMachines/jdk1.8.0_111.jdk/Contents/Home/jre/lib/charsets.jar:/Library/Java/JavaVirtualMachines/jdk1.8.0_111.jdk/Contents/Home/jre/lib/jfr.jar:/Library/Java/JavaVirtualMachines/jdk1.8.0_111.jdk/Contents/Home/jre/classes"/>
    <property name="java.vendor" value="Oracle Corporation"/>
    <property name="maven.home" value="/usr/local/Cellar/maven/3.3.9/libexec"/>
    <property name="file.separator" value="/"/>
    <property name="java.vendor.url.bug" value="http://bugreport.sun.com/bugreport/"/>
    <property name="sun.cpu.endian" value="little"/>
    <property name="sun.io.unicode.encoding" value="UnicodeBig"/>
    <property name="socksNonProxyHosts" value="local|*.local|169.254/16|*.169.254/16"/>
    <property name="ftp.nonProxyHosts" value="local|*.local|169.254/16|*.169.254/16"/>
    <property name="sun.cpu.isalist" value=""/>
  </properties>
  <testcase name="negativeOrZeroEmitFrequencyShouldThrowIAE" classname="storm.starter.bolt.IntermediateRankingsBoltTest" time="0.38"/>
  <testcase name="negativeOrZeroEmitFrequencyShouldThrowIAE" classname="storm.starter.bolt.IntermediateRankingsBoltTest" time="0"/>
  <testcase name="negativeOrZeroEmitFrequencyShouldThrowIAE" classname="storm.starter.bolt.IntermediateRankingsBoltTest" time="0"/>
  <testcase name="negativeOrZeroEmitFrequencyShouldThrowIAE" classname="storm.starter.bolt.IntermediateRankingsBoltTest" time="0"/>
  <testcase name="negativeOrZeroEmitFrequencyShouldThrowIAE" classname="storm.starter.bolt.IntermediateRankingsBoltTest" time="0"/>
  <testcase name="negativeOrZeroTopNShouldThrowIAE" classname="storm.starter.bolt.IntermediateRankingsBoltTest" time="0"/>
  <testcase name="negativeOrZeroTopNShouldThrowIAE" classname="storm.starter.bolt.IntermediateRankingsBoltTest" time="0"/>
  <testcase name="negativeOrZeroTopNShouldThrowIAE" classname="storm.starter.bolt.IntermediateRankingsBoltTest" time="0"/>
  <testcase name="negativeOrZeroTopNShouldThrowIAE" classname="storm.starter.bolt.IntermediateRankingsBoltTest" time="0"/>
  <testcase name="negativeOrZeroTopNShouldThrowIAE" classname="storm.starter.bolt.IntermediateRankingsBoltTest" time="0"/>
  <testcase name="positiveEmitFrequencyShouldBeOk" classname="storm.starter.bolt.IntermediateRankingsBoltTest" time="0.004"/>
  <testcase name="positiveEmitFrequencyShouldBeOk" classname="storm.starter.bolt.IntermediateRankingsBoltTest" time="0"/>
  <testcase name="positiveEmitFrequencyShouldBeOk" classname="storm.starter.bolt.IntermediateRankingsBoltTest" time="0"/>
  <testcase name="positiveEmitFrequencyShouldBeOk" classname="storm.starter.bolt.IntermediateRankingsBoltTest" time="0"/>
  <testcase name="positiveTopNShouldBeOk" classname="storm.starter.bolt.IntermediateRankingsBoltTest" time="0"/>
  <testcase name="positiveTopNShouldBeOk" classname="storm.starter.bolt.IntermediateRankingsBoltTest" time="0"/>
  <testcase name="positiveTopNShouldBeOk" classname="storm.starter.bolt.IntermediateRankingsBoltTest" time="0"/>
  <testcase name="positiveTopNShouldBeOk" classname="storm.starter.bolt.IntermediateRankingsBoltTest" time="0"/>
  <testcase name="shouldDeclareOutputFields" classname="storm.starter.bolt.IntermediateRankingsBoltTest" time="0.142"/>
  <testcase name="shouldEmitNothingIfNormalTupleIsReceived" classname="storm.starter.bolt.IntermediateRankingsBoltTest" time="0.025"/>
  <testcase name="shouldEmitSomethingIfTickTupleIsReceived" classname="storm.starter.bolt.IntermediateRankingsBoltTest" time="0.007"/>
  <testcase name="shouldSetTickTupleFrequencyInComponentConfigurationToNonZeroValue" classname="storm.starter.bolt.IntermediateRankingsBoltTest" time="0.012"/>
  <testcase name="shouldDeclareOutputFields" classname="storm.starter.bolt.RollingCountBoltTest" time="0.004"/>
  <testcase name="shouldEmitNothingIfNoObjectHasBeenCountedYetAndTickTupleIsReceived" classname="storm.starter.bolt.RollingCountBoltTest" time="0.045"/>
  <testcase name="shouldEmitSomethingIfAtLeastOneObjectWasCountedAndTickTupleIsReceived" classname="storm.starter.bolt.RollingCountBoltTest" time="0.002"/>
  <testcase name="shouldSetTickTupleFrequencyInComponentConfigurationToNonZeroValue" classname="storm.starter.bolt.RollingCountBoltTest" time="0"/>
  <testcase name="negativeOrZeroEmitFrequencyShouldThrowIAE" classname="storm.starter.bolt.TotalRankingsBoltTest" time="0.002"/>
  <testcase name="negativeOrZeroEmitFrequencyShouldThrowIAE" classname="storm.starter.bolt.TotalRankingsBoltTest" time="0.001"/>
  <testcase name="negativeOrZeroEmitFrequencyShouldThrowIAE" classname="storm.starter.bolt.TotalRankingsBoltTest" time="0"/>
  <testcase name="negativeOrZeroEmitFrequencyShouldThrowIAE" classname="storm.starter.bolt.TotalRankingsBoltTest" time="0"/>
  <testcase name="negativeOrZeroEmitFrequencyShouldThrowIAE" classname="storm.starter.bolt.TotalRankingsBoltTest" time="0"/>
  <testcase name="negativeOrZeroTopNShouldThrowIAE" classname="storm.starter.bolt.TotalRankingsBoltTest" time="0"/>
  <testcase name="negativeOrZeroTopNShouldThrowIAE" classname="storm.starter.bolt.TotalRankingsBoltTest" time="0"/>
  <testcase name="negativeOrZeroTopNShouldThrowIAE" classname="storm.starter.bolt.TotalRankingsBoltTest" time="0"/>
  <testcase name="negativeOrZeroTopNShouldThrowIAE" classname="storm.starter.bolt.TotalRankingsBoltTest" time="0"/>
  <testcase name="negativeOrZeroTopNShouldThrowIAE" classname="storm.starter.bolt.TotalRankingsBoltTest" time="0"/>
  <testcase name="positiveEmitFrequencyShouldBeOk" classname="storm.starter.bolt.TotalRankingsBoltTest" time="0"/>
  <testcase name="positiveEmitFrequencyShouldBeOk" classname="storm.starter.bolt.TotalRankingsBoltTest" time="0"/>
  <testcase name="positiveEmitFrequencyShouldBeOk" classname="storm.starter.bolt.TotalRankingsBoltTest" time="0"/>
  <testcase name="positiveEmitFrequencyShouldBeOk" classname="storm.starter.bolt.TotalRankingsBoltTest" time="0"/>
  <testcase name="positiveTopNShouldBeOk" classname="storm.starter.bolt.TotalRankingsBoltTest" time="0"/>
  <testcase name="positiveTopNShouldBeOk" classname="storm.starter.bolt.TotalRankingsBoltTest" time="0"/>
  <testcase name="positiveTopNShouldBeOk" classname="storm.starter.bolt.TotalRankingsBoltTest" time="0"/>
  <testcase name="positiveTopNShouldBeOk" classname="storm.starter.bolt.TotalRankingsBoltTest" time="0"/>
  <testcase name="shouldDeclareOutputFields" classname="storm.starter.bolt.TotalRankingsBoltTest" time="0"/>
  <testcase name="shouldEmitNothingIfNormalTupleIsReceived" classname="storm.starter.bolt.TotalRankingsBoltTest" time="0.009"/>
  <testcase name="shouldEmitSomethingIfTickTupleIsReceived" classname="storm.starter.bolt.TotalRankingsBoltTest" time="0"/>
  <testcase name="shouldSetTickTupleFrequencyInComponentConfigurationToNonZeroValue" classname="storm.starter.bolt.TotalRankingsBoltTest" time="0"/>
  <testcase name="negativeOrZeroNumTimesToTrackShouldThrowIAE" classname="storm.starter.tools.NthLastModifiedTimeTrackerTest" time="0"/>
  <testcase name="negativeOrZeroNumTimesToTrackShouldThrowIAE" classname="storm.starter.tools.NthLastModifiedTimeTrackerTest" time="0"/>
  <testcase name="negativeOrZeroNumTimesToTrackShouldThrowIAE" classname="storm.starter.tools.NthLastModifiedTimeTrackerTest" time="0"/>
  <testcase name="negativeOrZeroNumTimesToTrackShouldThrowIAE" classname="storm.starter.tools.NthLastModifiedTimeTrackerTest" time="0"/>
  <testcase name="negativeOrZeroNumTimesToTrackShouldThrowIAE" classname="storm.starter.tools.NthLastModifiedTimeTrackerTest" time="0"/>
  <testcase name="positiveNumTimesToTrackShouldBeOk" classname="storm.starter.tools.NthLastModifiedTimeTrackerTest" time="0"/>
  <testcase name="positiveNumTimesToTrackShouldBeOk" classname="storm.starter.tools.NthLastModifiedTimeTrackerTest" time="0"/>
  <testcase name="positiveNumTimesToTrackShouldBeOk" classname="storm.starter.tools.NthLastModifiedTimeTrackerTest" time="0"/>
  <testcase name="positiveNumTimesToTrackShouldBeOk" classname="storm.starter.tools.NthLastModifiedTimeTrackerTest" time="0"/>
  <testcase name="shouldReturnCorrectModifiedTimeEvenWhenNotYetMarkedAsModified" classname="storm.starter.tools.NthLastModifiedTimeTrackerTest" time="0.004"/>
  <testcase name="shouldReturnCorrectModifiedTimeEvenWhenNotYetMarkedAsModified" classname="storm.starter.tools.NthLastModifiedTimeTrackerTest" time="0"/>
  <testcase name="shouldReturnCorrectModifiedTimeEvenWhenNotYetMarkedAsModified" classname="storm.starter.tools.NthLastModifiedTimeTrackerTest" time="0"/>
  <testcase name="shouldReturnCorrectModifiedTimeEvenWhenNotYetMarkedAsModified" classname="storm.starter.tools.NthLastModifiedTimeTrackerTest" time="0"/>
  <testcase name="shouldReturnCorrectModifiedTimeEvenWhenNotYetMarkedAsModified" classname="storm.starter.tools.NthLastModifiedTimeTrackerTest" time="0"/>
  <testcase name="shouldReturnCorrectModifiedTimeEvenWhenNotYetMarkedAsModified" classname="storm.starter.tools.NthLastModifiedTimeTrackerTest" time="0"/>
  <testcase name="shouldReturnCorrectModifiedTimeEvenWhenNotYetMarkedAsModified" classname="storm.starter.tools.NthLastModifiedTimeTrackerTest" time="0"/>
  <testcase name="shouldReturnCorrectModifiedTimeEvenWhenNotYetMarkedAsModified" classname="storm.starter.tools.NthLastModifiedTimeTrackerTest" time="0"/>
  <testcase name="shouldReturnCorrectModifiedTimeWhenMarkedAsModified" classname="storm.starter.tools.NthLastModifiedTimeTrackerTest" time="0.006"/>
  <testcase name="shouldReturnCorrectModifiedTimeWhenMarkedAsModified" classname="storm.starter.tools.NthLastModifiedTimeTrackerTest" time="0"/>
  <testcase name="shouldReturnCorrectModifiedTimeWhenMarkedAsModified" classname="storm.starter.tools.NthLastModifiedTimeTrackerTest" time="0"/>
  <testcase name="shouldReturnCorrectModifiedTimeWhenMarkedAsModified" classname="storm.starter.tools.NthLastModifiedTimeTrackerTest" time="0.001"/>
  <testcase name="shouldReturnCorrectModifiedTimeWhenMarkedAsModified" classname="storm.starter.tools.NthLastModifiedTimeTrackerTest" time="0"/>
  <testcase name="shouldReturnCorrectModifiedTimeWhenMarkedAsModified" classname="storm.starter.tools.NthLastModifiedTimeTrackerTest" time="0"/>
  <testcase name="shouldReturnCorrectModifiedTimeWhenMarkedAsModified" classname="storm.starter.tools.NthLastModifiedTimeTrackerTest" time="0"/>
  <testcase name="shouldReturnCorrectModifiedTimeWhenMarkedAsModified" classname="storm.starter.tools.NthLastModifiedTimeTrackerTest" time="0"/>
  <testcase name="shouldReturnCorrectModifiedTimeWhenMarkedAsModified" classname="storm.starter.tools.NthLastModifiedTimeTrackerTest" time="0"/>
  <testcase name="shouldReturnCorrectModifiedTimeWhenMarkedAsModified" classname="storm.starter.tools.NthLastModifiedTimeTrackerTest" time="0.001"/>
  <testcase name="shouldReturnCorrectModifiedTimeWhenMarkedAsModified" classname="storm.starter.tools.NthLastModifiedTimeTrackerTest" time="0"/>
  <testcase name="shouldReturnCorrectModifiedTimeWhenMarkedAsModified" classname="storm.starter.tools.NthLastModifiedTimeTrackerTest" time="0"/>
  <testcase name="shouldReturnCorrectModifiedTimeWhenMarkedAsModified" classname="storm.starter.tools.NthLastModifiedTimeTrackerTest" time="0"/>
  <testcase name="shouldReturnCorrectModifiedTimeWhenMarkedAsModified" classname="storm.starter.tools.NthLastModifiedTimeTrackerTest" time="0.003"/>
  <testcase name="shouldReturnCorrectModifiedTimeWhenMarkedAsModified" classname="storm.starter.tools.NthLastModifiedTimeTrackerTest" time="0"/>
  <testcase name="shouldReturnCorrectModifiedTimeWhenMarkedAsModified" classname="storm.starter.tools.NthLastModifiedTimeTrackerTest" time="0"/>
  <testcase name="shouldReturnCorrectModifiedTimeWhenMarkedAsModified" classname="storm.starter.tools.NthLastModifiedTimeTrackerTest" time="0"/>
  <testcase name="shouldReturnCorrectModifiedTimeWhenMarkedAsModified" classname="storm.starter.tools.NthLastModifiedTimeTrackerTest" time="0"/>
  <testcase name="shouldReturnCorrectModifiedTimeWhenMarkedAsModified" classname="storm.starter.tools.NthLastModifiedTimeTrackerTest" time="0"/>
  <testcase name="shouldReturnCorrectModifiedTimeWhenMarkedAsModified" classname="storm.starter.tools.NthLastModifiedTimeTrackerTest" time="0"/>
  <testcase name="shouldReturnCorrectModifiedTimeWhenMarkedAsModified" classname="storm.starter.tools.NthLastModifiedTimeTrackerTest" time="0"/>
  <testcase name="shouldReturnCorrectModifiedTimeWhenMarkedAsModified" classname="storm.starter.tools.NthLastModifiedTimeTrackerTest" time="0"/>
  <testcase name="constructorWithNegativeCountAndFieldsShouldThrowIAE" classname="storm.starter.tools.RankableObjectWithFieldsTest" time="0"/>
  <testcase name="constructorWithNegativeCountAndNoFieldsShouldThrowIAE" classname="storm.starter.tools.RankableObjectWithFieldsTest" time="0"/>
  <testcase name="constructorWithNullObjectAndFieldsShouldThrowIAE" classname="storm.starter.tools.RankableObjectWithFieldsTest" time="0"/>
  <testcase name="constructorWithNullObjectAndNoFieldsShouldThrowIAE" classname="storm.starter.tools.RankableObjectWithFieldsTest" time="0"/>
  <testcase name="copyShouldReturnCopy" classname="storm.starter.tools.RankableObjectWithFieldsTest" time="0"/>
  <testcase name="copyShouldReturnCopy" classname="storm.starter.tools.RankableObjectWithFieldsTest" time="0"/>
  <testcase name="copyShouldReturnCopy" classname="storm.starter.tools.RankableObjectWithFieldsTest" time="0"/>
  <testcase name="fieldsShouldBeImmutable" classname="storm.starter.tools.RankableObjectWithFieldsTest" time="0.002"/>
  <testcase name="shouldBeEqualToItself" classname="storm.starter.tools.RankableObjectWithFieldsTest" time="0"/>
  <testcase name="shouldBeEqualToTrueDuplicates" classname="storm.starter.tools.RankableObjectWithFieldsTest" time="0.002"/>
  <testcase name="shouldBeEqualToTrueDuplicates" classname="storm.starter.tools.RankableObjectWithFieldsTest" time="0"/>
  <testcase name="shouldBeEqualToTrueDuplicates" classname="storm.starter.tools.RankableObjectWithFieldsTest" time="0"/>
  <testcase name="shouldCreateRankableObjectFromTuple" classname="storm.starter.tools.RankableObjectWithFieldsTest" time="0.006"/>
  <testcase name="shouldHaveDifferentHashCodeThanFalseDuplicates" classname="storm.starter.tools.RankableObjectWithFieldsTest" time="0"/>
  <testcase name="shouldHaveDifferentHashCodeThanFalseDuplicates" classname="storm.starter.tools.RankableObjectWithFieldsTest" time="0"/>
  <testcase name="shouldHaveDifferentHashCodeThanFalseDuplicates" classname="storm.starter.tools.RankableObjectWithFieldsTest" time="0"/>
  <testcase name="shouldHaveDifferentHashCodeThanFalseDuplicates" classname="storm.starter.tools.RankableObjectWithFieldsTest" time="0"/>
  <testcase name="shouldHaveDifferentHashCodeThanFalseDuplicates" classname="storm.starter.tools.RankableObjectWithFieldsTest" time="0.001"/>
  <testcase name="shouldHaveDifferentHashCodeThanFalseDuplicates" classname="storm.starter.tools.RankableObjectWithFieldsTest" time="0"/>
  <testcase name="shouldHaveSameHashCodeAsTrueDuplicates" classname="storm.starter.tools.RankableObjectWithFieldsTest" time="0"/>
  <testcase name="shouldHaveSameHashCodeAsTrueDuplicates" classname="storm.starter.tools.RankableObjectWithFieldsTest" time="0"/>
  <testcase name="shouldHaveSameHashCodeAsTrueDuplicates" classname="storm.starter.tools.RankableObjectWithFieldsTest" time="0"/>
  <testcase name="shouldNotBeEqualToFalseDuplicates" classname="storm.starter.tools.RankableObjectWithFieldsTest" time="0"/>
  <testcase name="shouldNotBeEqualToFalseDuplicates" classname="storm.starter.tools.RankableObjectWithFieldsTest" time="0"/>
  <testcase name="shouldNotBeEqualToFalseDuplicates" classname="storm.starter.tools.RankableObjectWithFieldsTest" time="0"/>
  <testcase name="shouldNotBeEqualToFalseDuplicates" classname="storm.starter.tools.RankableObjectWithFieldsTest" time="0"/>
  <testcase name="shouldNotBeEqualToFalseDuplicates" classname="storm.starter.tools.RankableObjectWithFieldsTest" time="0"/>
  <testcase name="shouldNotBeEqualToFalseDuplicates" classname="storm.starter.tools.RankableObjectWithFieldsTest" time="0"/>
  <testcase name="shouldNotBeEqualToInstancesOfOtherClasses" classname="storm.starter.tools.RankableObjectWithFieldsTest" time="0"/>
  <testcase name="shouldNotBeEqualToInstancesOfOtherClasses" classname="storm.starter.tools.RankableObjectWithFieldsTest" time="0"/>
  <testcase name="shouldNotBeEqualToInstancesOfOtherClasses" classname="storm.starter.tools.RankableObjectWithFieldsTest" time="0"/>
  <testcase name="shouldNotBeEqualToInstancesOfOtherClasses" classname="storm.starter.tools.RankableObjectWithFieldsTest" time="0"/>
  <testcase name="shouldReturnTheCount" classname="storm.starter.tools.RankableObjectWithFieldsTest" time="0"/>
  <testcase name="shouldReturnTheFields" classname="storm.starter.tools.RankableObjectWithFieldsTest" time="0"/>
  <testcase name="shouldReturnTheFields" classname="storm.starter.tools.RankableObjectWithFieldsTest" time="0"/>
  <testcase name="shouldReturnTheObject" classname="storm.starter.tools.RankableObjectWithFieldsTest" time="0"/>
  <testcase name="toStringShouldContainStringRepresentationsOfObjectAndCount" classname="storm.starter.tools.RankableObjectWithFieldsTest" time="0.003"/>
  <testcase name="toStringShouldContainStringRepresentationsOfObjectAndCount" classname="storm.starter.tools.RankableObjectWithFieldsTest" time="0"/>
  <testcase name="verifyCompareTo" classname="storm.starter.tools.RankableObjectWithFieldsTest" time="0"/>
  <testcase name="verifyCompareTo" classname="storm.starter.tools.RankableObjectWithFieldsTest" time="0"/>
  <testcase name="verifyCompareTo" classname="storm.starter.tools.RankableObjectWithFieldsTest" time="0"/>
  <testcase name="verifyCompareTo" classname="storm.starter.tools.RankableObjectWithFieldsTest" time="0"/>
  <testcase name="verifyCompareTo" classname="storm.starter.tools.RankableObjectWithFieldsTest" time="0"/>
  <testcase name="verifyCompareTo" classname="storm.starter.tools.RankableObjectWithFieldsTest" time="0.001"/>
  <testcase name="verifyCompareTo" classname="storm.starter.tools.RankableObjectWithFieldsTest" time="0"/>
  <testcase name="verifyCompareTo" classname="storm.starter.tools.RankableObjectWithFieldsTest" time="0"/>
  <testcase name="verifyCompareTo" classname="storm.starter.tools.RankableObjectWithFieldsTest" time="0"/>
  <testcase name="verifyCompareTo" classname="storm.starter.tools.RankableObjectWithFieldsTest" time="0.001"/>
  <testcase name="constructorWithNegativeOrZeroTopNShouldThrowIAE" classname="storm.starter.tools.RankingsTest" time="0"/>
  <testcase name="constructorWithNegativeOrZeroTopNShouldThrowIAE" classname="storm.starter.tools.RankingsTest" time="0"/>
  <testcase name="constructorWithNegativeOrZeroTopNShouldThrowIAE" classname="storm.starter.tools.RankingsTest" time="0"/>
  <testcase name="constructorWithNegativeOrZeroTopNShouldThrowIAE" classname="storm.starter.tools.RankingsTest" time="0"/>
  <testcase name="constructorWithPositiveTopNShouldBeOk" classname="storm.starter.tools.RankingsTest" time="0"/>
  <testcase name="constructorWithPositiveTopNShouldBeOk" classname="storm.starter.tools.RankingsTest" time="0"/>
  <testcase name="constructorWithPositiveTopNShouldBeOk" classname="storm.starter.tools.RankingsTest" time="0"/>
  <testcase name="constructorWithPositiveTopNShouldBeOk" classname="storm.starter.tools.RankingsTest" time="0"/>
  <testcase name="copyConstructorShouldReturnCopy" classname="storm.starter.tools.RankingsTest" time="0"/>
  <testcase name="copyConstructorShouldReturnCopy" classname="storm.starter.tools.RankingsTest" time="0"/>
  <testcase name="copyConstructorShouldReturnCopy" classname="storm.starter.tools.RankingsTest" time="0"/>
  <testcase name="copyConstructorShouldReturnCopy" classname="storm.starter.tools.RankingsTest" time="0"/>
  <testcase name="copyConstructorShouldReturnCopy" classname="storm.starter.tools.RankingsTest" time="0.001"/>
  <testcase name="copyConstructorShouldReturnDefensiveCopy" classname="storm.starter.tools.RankingsTest" time="0"/>
  <testcase name="copyConstructorShouldReturnDefensiveCopy" classname="storm.starter.tools.RankingsTest" time="0"/>
  <testcase name="copyConstructorShouldReturnDefensiveCopy" classname="storm.starter.tools.RankingsTest" time="0"/>
  <testcase name="copyConstructorShouldReturnDefensiveCopy" classname="storm.starter.tools.RankingsTest" time="0"/>
  <testcase name="copyConstructorShouldReturnDefensiveCopy" classname="storm.starter.tools.RankingsTest" time="0"/>
  <testcase name="copyConstructorShouldReturnDefensiveCopy" classname="storm.starter.tools.RankingsTest" time="0"/>
  <testcase name="copyShouldReturnCopy" classname="storm.starter.tools.RankingsTest" time="0"/>
  <testcase name="copyShouldReturnCopy" classname="storm.starter.tools.RankingsTest" time="0"/>
  <testcase name="copyShouldReturnCopy" classname="storm.starter.tools.RankingsTest" time="0"/>
  <testcase name="copyShouldReturnCopy" classname="storm.starter.tools.RankingsTest" time="0"/>
  <testcase name="copyShouldReturnCopy" classname="storm.starter.tools.RankingsTest" time="0"/>
  <testcase name="copyShouldReturnDefensiveCopy" classname="storm.starter.tools.RankingsTest" time="0"/>
  <testcase name="copyShouldReturnDefensiveCopy" classname="storm.starter.tools.RankingsTest" time="0"/>
  <testcase name="copyShouldReturnDefensiveCopy" classname="storm.starter.tools.RankingsTest" time="0"/>
  <testcase name="copyShouldReturnDefensiveCopy" classname="storm.starter.tools.RankingsTest" time="0"/>
  <testcase name="copyShouldReturnDefensiveCopy" classname="storm.starter.tools.RankingsTest" time="0"/>
  <testcase name="copyShouldReturnDefensiveCopy" classname="storm.starter.tools.RankingsTest" time="0.005"/>
  <testcase name="defaultConstructorShouldSetPositiveTopN" classname="storm.starter.tools.RankingsTest" time="0"/>
  <testcase name="shouldCorrectlyRankWhenEmptyAndUpdatedWithOtherRankings" classname="storm.starter.tools.RankingsTest" time="0"/>
  <testcase name="shouldCorrectlyRankWhenEmptyAndUpdatedWithOtherRankings" classname="storm.starter.tools.RankingsTest" time="0"/>
  <testcase name="shouldCorrectlyRankWhenEmptyAndUpdatedWithOtherRankings" classname="storm.starter.tools.RankingsTest" time="0"/>
  <testcase name="shouldCorrectlyRankWhenEmptyAndUpdatedWithOtherRankings" classname="storm.starter.tools.RankingsTest" time="0"/>
  <testcase name="shouldCorrectlyRankWhenNotEmptyAndUpdatedWithOtherRankings" classname="storm.starter.tools.RankingsTest" time="0.001"/>
  <testcase name="shouldCorrectlyRankWhenNotEmptyAndUpdatedWithOtherRankings" classname="storm.starter.tools.RankingsTest" time="0"/>
  <testcase name="shouldCorrectlyRankWhenNotEmptyAndUpdatedWithOtherRankings" classname="storm.starter.tools.RankingsTest" time="0"/>
  <testcase name="shouldCorrectlyRankWhenNotEmptyAndUpdatedWithOtherRankings" classname="storm.starter.tools.RankingsTest" time="0.001"/>
  <testcase name="shouldCorrectlyRankWhenUpdatedWithEmptyOtherRankings" classname="storm.starter.tools.RankingsTest" time="0"/>
  <testcase name="shouldCorrectlyRankWhenUpdatedWithEmptyOtherRankings" classname="storm.starter.tools.RankingsTest" time="0"/>
  <testcase name="shouldCorrectlyRankWhenUpdatedWithEmptyOtherRankings" classname="storm.starter.tools.RankingsTest" time="0"/>
  <testcase name="shouldCorrectlyRankWhenUpdatedWithEmptyOtherRankings" classname="storm.starter.tools.RankingsTest" time="0.001"/>
  <testcase name="shouldCorrectlyRankWhenUpdatedWithRankables" classname="storm.starter.tools.RankingsTest" time="0"/>
  <testcase name="shouldCorrectlyRankWhenUpdatedWithRankables" classname="storm.starter.tools.RankingsTest" time="0"/>
  <testcase name="shouldCorrectlyRankWhenUpdatedWithRankables" classname="storm.starter.tools.RankingsTest" time="0.001"/>
  <testcase name="shouldCorrectlyRankWhenUpdatedWithRankables" classname="storm.starter.tools.RankingsTest" time="0"/>
  <testcase name="shouldHaveDefaultConstructor" classname="storm.starter.tools.RankingsTest" time="0"/>
  <testcase name="shouldNotRankDuplicateObjectsMoreThanOnce" classname="storm.starter.tools.RankingsTest" time="0"/>
  <testcase name="shouldNotRankDuplicateObjectsMoreThanOnce" classname="storm.starter.tools.RankingsTest" time="0"/>
  <testcase name="shouldRemoveZeroCounts" classname="storm.starter.tools.RankingsTest" time="0"/>
  <testcase name="shouldRemoveZeroCounts" classname="storm.starter.tools.RankingsTest" time="0"/>
  <testcase name="shouldRemoveZeroCounts" classname="storm.starter.tools.RankingsTest" time="0"/>
  <testcase name="shouldRemoveZeroCounts" classname="storm.starter.tools.RankingsTest" time="0"/>
  <testcase name="shouldRemoveZeroCounts" classname="storm.starter.tools.RankingsTest" time="0"/>
  <testcase name="shouldRemoveZeroCounts" classname="storm.starter.tools.RankingsTest" time="0.001"/>
  <testcase name="shouldRemoveZeroCounts" classname="storm.starter.tools.RankingsTest" time="0"/>
  <testcase name="sizeOfRankingsShouldNotGrowBeyondTopN" classname="storm.starter.tools.RankingsTest" time="0"/>
  <testcase name="sizeOfRankingsShouldNotGrowBeyondTopN" classname="storm.starter.tools.RankingsTest" time="0"/>
  <testcase name="updatingWithNewRankablesShouldBeThreadSafe" classname="storm.starter.tools.RankingsTest" time="0.024"/>
  <testcase name="lessThanTwoSlotsShouldThrowIAE" classname="storm.starter.tools.SlidingWindowCounterTest" time="0"/>
  <testcase name="lessThanTwoSlotsShouldThrowIAE" classname="storm.starter.tools.SlidingWindowCounterTest" time="0"/>
  <testcase name="lessThanTwoSlotsShouldThrowIAE" classname="storm.starter.tools.SlidingWindowCounterTest" time="0"/>
  <testcase name="lessThanTwoSlotsShouldThrowIAE" classname="storm.starter.tools.SlidingWindowCounterTest" time="0"/>
  <testcase name="lessThanTwoSlotsShouldThrowIAE" classname="storm.starter.tools.SlidingWindowCounterTest" time="0"/>
  <testcase name="lessThanTwoSlotsShouldThrowIAE" classname="storm.starter.tools.SlidingWindowCounterTest" time="0"/>
  <testcase name="newInstanceShouldHaveEmptyCounts" classname="storm.starter.tools.SlidingWindowCounterTest" time="0"/>
  <testcase name="testCounterWithSimulatedRuns" classname="storm.starter.tools.SlidingWindowCounterTest" time="0"/>
  <testcase name="testCounterWithSimulatedRuns" classname="storm.starter.tools.SlidingWindowCounterTest" time="0"/>
  <testcase name="testCounterWithSimulatedRuns" classname="storm.starter.tools.SlidingWindowCounterTest" time="0.002"/>
  <testcase name="testCounterWithSimulatedRuns" classname="storm.starter.tools.SlidingWindowCounterTest" time="0"/>
  <testcase name="testCounterWithSimulatedRuns" classname="storm.starter.tools.SlidingWindowCounterTest" time="0"/>
  <testcase name="twoOrMoreSlotsShouldBeValid" classname="storm.starter.tools.SlidingWindowCounterTest" time="0"/>
  <testcase name="twoOrMoreSlotsShouldBeValid" classname="storm.starter.tools.SlidingWindowCounterTest" time="0"/>
  <testcase name="twoOrMoreSlotsShouldBeValid" classname="storm.starter.tools.SlidingWindowCounterTest" time="0"/>
  <testcase name="negativeOrZeroNumSlotsShouldThrowIAE" classname="storm.starter.tools.SlotBasedCounterTest" time="0"/>
  <testcase name="negativeOrZeroNumSlotsShouldThrowIAE" classname="storm.starter.tools.SlotBasedCounterTest" time="0.001"/>
  <testcase name="negativeOrZeroNumSlotsShouldThrowIAE" classname="storm.starter.tools.SlotBasedCounterTest" time="0"/>
  <testcase name="negativeOrZeroNumSlotsShouldThrowIAE" classname="storm.starter.tools.SlotBasedCounterTest" time="0"/>
  <testcase name="negativeOrZeroNumSlotsShouldThrowIAE" classname="storm.starter.tools.SlotBasedCounterTest" time="0.002"/>
  <testcase name="newInstanceShouldHaveEmptyCounts" classname="storm.starter.tools.SlotBasedCounterTest" time="0"/>
  <testcase name="positiveNumSlotsShouldBeOk" classname="storm.starter.tools.SlotBasedCounterTest" time="0"/>
  <testcase name="positiveNumSlotsShouldBeOk" classname="storm.starter.tools.SlotBasedCounterTest" time="0"/>
  <testcase name="positiveNumSlotsShouldBeOk" classname="storm.starter.tools.SlotBasedCounterTest" time="0"/>
  <testcase name="positiveNumSlotsShouldBeOk" classname="storm.starter.tools.SlotBasedCounterTest" time="0"/>
  <testcase name="shouldIncrementCount" classname="storm.starter.tools.SlotBasedCounterTest" time="0"/>
  <testcase name="shouldIncrementCountOnlyOneSlotAtATime" classname="storm.starter.tools.SlotBasedCounterTest" time="0"/>
  <testcase name="shouldReturnNonEmptyCountsWhenAtLeastOneObjectWasCounted" classname="storm.starter.tools.SlotBasedCounterTest" time="0"/>
  <testcase name="shouldReturnZeroForNonexistentObject" classname="storm.starter.tools.SlotBasedCounterTest" time="0"/>
  <testcase name="wipeSlotShouldSetAllCountsInSlotToZero" classname="storm.starter.tools.SlotBasedCounterTest" time="0"/>
  <testcase name="wipeZerosShouldRemoveAnyObjectsWithZeroTotalCount" classname="storm.starter.tools.SlotBasedCounterTest" time="0"/>
</testsuite>